2025-06-18T21:30:24.508-03:00  INFO 8624 --- [mscartoes] [restartedMain] k.m.MscartoesnovoApplication             : Starting MscartoesnovoApplication using Java 21.0.2 with PID 8624 (C:\Users\Junior\Desktop\ms-novo-teste\mscartoesnovo\target\classes started by Junior in C:\Users\Junior\Desktop\ms-novo-teste\mscartoesnovo)
2025-06-18T21:30:24.511-03:00  INFO 8624 --- [mscartoes] [restartedMain] k.m.MscartoesnovoApplication             : No active profile set, falling back to 1 default profile: "default"
2025-06-18T21:30:24.584-03:00  INFO 8624 --- [mscartoes] [restartedMain] .e.DevToolsPropertyDefaultsPostProcessor : Devtools property defaults active! Set 'spring.devtools.add-properties' to 'false' to disable
2025-06-18T21:30:24.584-03:00  INFO 8624 --- [mscartoes] [restartedMain] .e.DevToolsPropertyDefaultsPostProcessor : For additional web related logging consider setting the 'logging.level.web' property to 'DEBUG'
2025-06-18T21:30:26.450-03:00  INFO 8624 --- [mscartoes] [restartedMain] .s.d.r.c.RepositoryConfigurationDelegate : Bootstrapping Spring Data JPA repositories in DEFAULT mode.
2025-06-18T21:30:26.680-03:00  INFO 8624 --- [mscartoes] [restartedMain] .s.d.r.c.RepositoryConfigurationDelegate : Finished Spring Data repository scanning in 206 ms. Found 2 JPA repository interfaces.
2025-06-18T21:30:27.122-03:00  INFO 8624 --- [mscartoes] [restartedMain] o.s.cloud.context.scope.GenericScope     : BeanFactory id=a4a71123-2f93-3ce9-969a-29cc6928cebe
2025-06-18T21:30:27.877-03:00  INFO 8624 --- [mscartoes] [restartedMain] o.s.b.w.embedded.tomcat.TomcatWebServer  : Tomcat initialized with port 0 (http)
2025-06-18T21:30:27.898-03:00  INFO 8624 --- [mscartoes] [restartedMain] o.apache.catalina.core.StandardService   : Starting service [Tomcat]
2025-06-18T21:30:27.898-03:00  INFO 8624 --- [mscartoes] [restartedMain] o.apache.catalina.core.StandardEngine    : Starting Servlet engine: [Apache Tomcat/10.1.41]
2025-06-18T21:30:28.040-03:00  INFO 8624 --- [mscartoes] [restartedMain] o.a.c.c.C.[Tomcat].[localhost].[/]       : Initializing Spring embedded WebApplicationContext
2025-06-18T21:30:28.042-03:00  INFO 8624 --- [mscartoes] [restartedMain] w.s.c.ServletWebServerApplicationContext : Root WebApplicationContext: initialization completed in 3455 ms
2025-06-18T21:30:28.669-03:00  INFO 8624 --- [mscartoes] [restartedMain] com.zaxxer.hikari.HikariDataSource       : HikariPool-1 - Starting...
2025-06-18T21:30:29.051-03:00  INFO 8624 --- [mscartoes] [restartedMain] com.zaxxer.hikari.pool.HikariPool        : HikariPool-1 - Added connection conn0: url=jdbc:h2:mem:a19f22fc-f6d8-49a2-97ab-36f9e64503f4 user=SA
2025-06-18T21:30:29.054-03:00  INFO 8624 --- [mscartoes] [restartedMain] com.zaxxer.hikari.HikariDataSource       : HikariPool-1 - Start completed.
2025-06-18T21:30:29.135-03:00  INFO 8624 --- [mscartoes] [restartedMain] o.hibernate.jpa.internal.util.LogHelper  : HHH000204: Processing PersistenceUnitInfo [name: default]
2025-06-18T21:30:29.218-03:00  INFO 8624 --- [mscartoes] [restartedMain] org.hibernate.Version                    : HHH000412: Hibernate ORM core version 6.6.15.Final
2025-06-18T21:30:29.273-03:00  INFO 8624 --- [mscartoes] [restartedMain] o.h.c.internal.RegionFactoryInitiator    : HHH000026: Second-level cache disabled
2025-06-18T21:30:29.811-03:00  INFO 8624 --- [mscartoes] [restartedMain] o.s.o.j.p.SpringPersistenceUnitInfo      : No LoadTimeWeaver setup: ignoring JPA class transformer
2025-06-18T21:30:29.909-03:00  INFO 8624 --- [mscartoes] [restartedMain] org.hibernate.orm.connections.pooling    : HHH10001005: Database info:
	Database JDBC URL [Connecting through datasource 'HikariDataSource (HikariPool-1)']
	Database driver: undefined/unknown
	Database version: 2.3.232
	Autocommit mode: undefined/unknown
	Isolation level: undefined/unknown
	Minimum pool size: undefined/unknown
	Maximum pool size: undefined/unknown
2025-06-18T21:30:30.949-03:00  INFO 8624 --- [mscartoes] [restartedMain] o.h.e.t.j.p.i.JtaPlatformInitiator       : HHH000489: No JTA platform available (set 'hibernate.transaction.jta.platform' to enable JTA platform integration)
2025-06-18T21:30:31.044-03:00  INFO 8624 --- [mscartoes] [restartedMain] j.LocalContainerEntityManagerFactoryBean : Initialized JPA EntityManagerFactory for persistence unit 'default'
2025-06-18T21:30:31.608-03:00  INFO 8624 --- [mscartoes] [restartedMain] o.s.d.j.r.query.QueryEnhancerFactory     : Hibernate is in classpath; If applicable, HQL parser will be used.
2025-06-18T21:30:32.697-03:00  WARN 8624 --- [mscartoes] [restartedMain] JpaBaseConfiguration$JpaWebConfiguration : spring.jpa.open-in-view is enabled by default. Therefore, database queries may be performed during view rendering. Explicitly configure spring.jpa.open-in-view to disable this warning
2025-06-18T21:30:34.611-03:00  INFO 8624 --- [mscartoes] [restartedMain] o.s.b.a.h2.H2ConsoleAutoConfiguration    : H2 console available at '/h2-console'. Database available at 'jdbc:h2:mem:a19f22fc-f6d8-49a2-97ab-36f9e64503f4'
2025-06-18T21:30:34.675-03:00  WARN 8624 --- [mscartoes] [restartedMain] o.s.b.d.a.OptionalLiveReloadServer       : Unable to start LiveReload server
2025-06-18T21:30:34.708-03:00  INFO 8624 --- [mscartoes] [restartedMain] DiscoveryClientOptionalArgsConfiguration : Eureka HTTP Client uses RestTemplate.
2025-06-18T21:30:34.763-03:00  WARN 8624 --- [mscartoes] [restartedMain] iguration$LoadBalancerCaffeineWarnLogger : Spring Cloud LoadBalancer is currently working with the default cache. While this cache implementation is useful for development and tests, it's recommended to use Caffeine cache in production.You can switch to using Caffeine cache, by adding it and org.springframework.cache.caffeine.CaffeineCacheManager to the classpath.
2025-06-18T21:30:34.773-03:00  INFO 8624 --- [mscartoes] [restartedMain] o.s.b.a.e.web.EndpointLinksResolver      : Exposing 17 endpoints beneath base path '/actuator'
2025-06-18T21:30:35.026-03:00  INFO 8624 --- [mscartoes] [restartedMain] o.s.b.w.embedded.tomcat.TomcatWebServer  : Tomcat started on port 59610 (http) with context path '/'
2025-06-18T21:30:35.033-03:00  INFO 8624 --- [mscartoes] [restartedMain] .s.c.n.e.s.EurekaAutoServiceRegistration : Updating port to 59610
2025-06-18T21:30:35.043-03:00  INFO 8624 --- [mscartoes] [restartedMain] o.s.c.n.eureka.InstanceInfoFactory       : Setting initial instance status as: STARTING
2025-06-18T21:30:35.084-03:00  INFO 8624 --- [mscartoes] [restartedMain] com.netflix.discovery.DiscoveryClient    : Initializing Eureka in region us-east-1
2025-06-18T21:30:35.089-03:00  INFO 8624 --- [mscartoes] [restartedMain] c.n.d.s.r.aws.ConfigClusterResolver      : Resolving eureka endpoints via configuration
2025-06-18T21:30:35.105-03:00  INFO 8624 --- [mscartoes] [restartedMain] com.netflix.discovery.DiscoveryClient    : Disable delta property : false
2025-06-18T21:30:35.105-03:00  INFO 8624 --- [mscartoes] [restartedMain] com.netflix.discovery.DiscoveryClient    : Single vip registry refresh property : null
2025-06-18T21:30:35.106-03:00  INFO 8624 --- [mscartoes] [restartedMain] com.netflix.discovery.DiscoveryClient    : Force full registry fetch : false
2025-06-18T21:30:35.106-03:00  INFO 8624 --- [mscartoes] [restartedMain] com.netflix.discovery.DiscoveryClient    : Application is null : false
2025-06-18T21:30:35.106-03:00  INFO 8624 --- [mscartoes] [restartedMain] com.netflix.discovery.DiscoveryClient    : Registered Applications size is zero : true
2025-06-18T21:30:35.106-03:00  INFO 8624 --- [mscartoes] [restartedMain] com.netflix.discovery.DiscoveryClient    : Application version is -1: true
2025-06-18T21:30:35.106-03:00  INFO 8624 --- [mscartoes] [restartedMain] com.netflix.discovery.DiscoveryClient    : Getting all instance registry info from the eureka server
2025-06-18T21:30:35.603-03:00  INFO 8624 --- [mscartoes] [restartedMain] com.netflix.discovery.DiscoveryClient    : The response status is 200
2025-06-18T21:30:35.606-03:00  INFO 8624 --- [mscartoes] [restartedMain] com.netflix.discovery.DiscoveryClient    : Starting heartbeat executor: renew interval is: 30
2025-06-18T21:30:35.610-03:00  INFO 8624 --- [mscartoes] [restartedMain] c.n.discovery.InstanceInfoReplicator     : InstanceInfoReplicator onDemand update allowed rate per min is 4
2025-06-18T21:30:35.613-03:00  INFO 8624 --- [mscartoes] [restartedMain] com.netflix.discovery.DiscoveryClient    : Discovery Client initialized at timestamp 1750293035612 with initial instances count: 1
2025-06-18T21:30:35.618-03:00  INFO 8624 --- [mscartoes] [restartedMain] o.s.c.n.e.s.EurekaServiceRegistry        : Registering application MSCARTOES with eureka with status UP
2025-06-18T21:30:35.619-03:00  INFO 8624 --- [mscartoes] [restartedMain] com.netflix.discovery.DiscoveryClient    : Saw local status change event StatusChangeEvent [timestamp=1750293035619, current=UP, previous=STARTING]
2025-06-18T21:30:35.622-03:00  INFO 8624 --- [mscartoes] [DiscoveryClient-InstanceInfoReplicator-%d] com.netflix.discovery.DiscoveryClient    : DiscoveryClient_MSCARTOES/mscartoes:ba9739640385c56c8bc7af387006762b: registering service...
2025-06-18T21:30:35.630-03:00  INFO 8624 --- [mscartoes] [restartedMain] o.s.a.r.c.CachingConnectionFactory       : Attempting to connect to: [localhost:5672]
2025-06-18T21:30:35.757-03:00  INFO 8624 --- [mscartoes] [DiscoveryClient-InstanceInfoReplicator-%d] com.netflix.discovery.DiscoveryClient    : DiscoveryClient_MSCARTOES/mscartoes:ba9739640385c56c8bc7af387006762b - registration status: 204
2025-06-18T21:30:35.909-03:00  INFO 8624 --- [mscartoes] [restartedMain] o.s.a.r.c.CachingConnectionFactory       : Created new connection: rabbitConnectionFactory#318afa09:0/SimpleConnection@7dde4754 [delegate=amqp://guest@127.0.0.1:5672/, localPort=59614]
2025-06-18T21:30:35.966-03:00  INFO 8624 --- [mscartoes] [restartedMain] k.m.MscartoesnovoApplication             : Started MscartoesnovoApplication in 12.255 seconds (process running for 13.3)
2025-06-18T21:31:56.322-03:00  INFO 8624 --- [mscartoes] [http-nio-auto-1-exec-1] o.a.c.c.C.[Tomcat].[localhost].[/]       : Initializing Spring DispatcherServlet 'dispatcherServlet'
2025-06-18T21:31:56.322-03:00  INFO 8624 --- [mscartoes] [http-nio-auto-1-exec-1] o.s.web.servlet.DispatcherServlet        : Initializing Servlet 'dispatcherServlet'
2025-06-18T21:31:56.323-03:00  INFO 8624 --- [mscartoes] [http-nio-auto-1-exec-1] o.s.web.servlet.DispatcherServlet        : Completed initialization in 1 ms
2025-06-18T21:32:00.152-03:00  INFO 8624 --- [mscartoes] [http-nio-auto-1-exec-1] o.springdoc.api.AbstractOpenApiResource  : Init duration for springdoc-openapi is: 187 ms
